>>> module list
No modules loaded
>>> srun log
Parallel Research Kernels version 2.17
MPI+OPENMP stencil execution on 2D grid
Number of ranks        = 32
Number of threads      = 72
Grid size              = 92681
Radius of stencil      = 2
Tiles in x/y-direction = 4/8
Type of stencil        = star
Data type              = double precision
Compact representation of stencil loop body
Number of iterations   = 100
Solution validates
Rate (MFlops/s), including communication and increment time: 1777927.098581 
Total time [s] (max of all ranks):     total 9.178751, avg 0.091788
Comm time [s] (max of all ranks):      total 3.481325, avg 0.034813
Stencil time [s] (max of all ranks):   total 3.989445, avg 0.039894
Increment time [s] (max of all ranks): total 3.290945, avg 0.032909
