>>> module list
No modules loaded
>>> srun log
Parallel Research Kernels version 2.17
MPI+OPENMP stencil execution on 2D grid
Number of ranks        = 1
Number of threads      = 72
Grid size              = 32768
Radius of stencil      = 2
Tiles in x/y-direction = 1/1
Type of stencil        = star
Data type              = double precision
Compact representation of stencil loop body
Number of iterations   = 100
Solution validates
Rate (MFlops/s), including communication and increment time: 129365.037999 
Total time [s] (max of all ranks):     total 15.766326, avg 0.157663
Comm time [s] (max of all ranks):      total 0.000011, avg 0.000000
Stencil time [s] (max of all ranks):   total 9.777435, avg 0.097774
Increment time [s] (max of all ranks): total 5.988818, avg 0.059888
