>>> module list
No modules loaded
>>> srun log
Parallel Research Kernels version 2.17
MPI+OPENMP stencil execution on 2D grid
Number of ranks        = 8
Number of threads      = 72
Grid size              = 92681
Radius of stencil      = 2
Tiles in x/y-direction = 2/4
Type of stencil        = star
Data type              = double precision
Compact representation of stencil loop body
Number of iterations   = 100
Solution validates
Rate (MFlops/s), including communication and increment time: 717500.510898 
Total time [s] (max of all ranks):     total 22.744444, avg 0.227444
Comm time [s] (max of all ranks):      total 4.364372, avg 0.043644
Stencil time [s] (max of all ranks):   total 13.401502, avg 0.134015
Increment time [s] (max of all ranks): total 8.127054, avg 0.081271
