>>> module list
No modules loaded
>>> srun log
Parallel Research Kernels version 2.17
MPI+OPENMP stencil execution on 2D grid
Number of ranks        = 8
Number of threads      = 72
Grid size              = 5792
Radius of stencil      = 2
Tiles in x/y-direction = 2/4
Type of stencil        = star
Data type              = double precision
Compact representation of stencil loop body
Number of iterations   = 100
Solution validates
Rate (MFlops/s), including communication and increment time: 1546016.913768 
Total time [s] (max of all ranks):     total 0.041171, avg 0.000412
Comm time [s] (max of all ranks):      total 0.019677, avg 0.000197
Stencil time [s] (max of all ranks):   total 0.017164, avg 0.000172
Increment time [s] (max of all ranks): total 0.015581, avg 0.000156
