>>> module list
No modules loaded
>>> srun log
Parallel Research Kernels version 2.17
MPI+OPENMP stencil execution on 2D grid
Number of ranks        = 32
Number of threads      = 72
Grid size              = 11585
Radius of stencil      = 2
Tiles in x/y-direction = 4/8
Type of stencil        = star
Data type              = double precision
Compact representation of stencil loop body
Number of iterations   = 100
Solution validates
Rate (MFlops/s), including communication and increment time: 2550807.291221 
Total time [s] (max of all ranks):     total 0.099901, avg 0.000999
Comm time [s] (max of all ranks):      total 0.077929, avg 0.000779
Stencil time [s] (max of all ranks):   total 0.047597, avg 0.000476
Increment time [s] (max of all ranks): total 0.033052, avg 0.000331
