>>> module list
No modules loaded
>>> srun log
Parallel Research Kernels version 2.17
MPI+OPENMP stencil execution on 2D grid
Number of ranks        = 4
Number of threads      = 72
Grid size              = 4096
Radius of stencil      = 2
Tiles in x/y-direction = 2/2
Type of stencil        = star
Data type              = double precision
Compact representation of stencil loop body
Number of iterations   = 100
Solution validates
Rate (MFlops/s), including communication and increment time: 983963.364385 
Total time [s] (max of all ranks):     total 0.032333, avg 0.000323
Comm time [s] (max of all ranks):      total 0.011445, avg 0.000114
Stencil time [s] (max of all ranks):   total 0.015989, avg 0.000160
Increment time [s] (max of all ranks): total 0.010149, avg 0.000101
