>>> module list
No modules loaded
>>> srun log
Parallel Research Kernels version 2.17
MPI+OPENMP stencil execution on 2D grid
Number of ranks        = 2
Number of threads      = 72
Grid size              = 23170
Radius of stencil      = 2
Tiles in x/y-direction = 1/2
Type of stencil        = star
Data type              = double precision
Compact representation of stencil loop body
Number of iterations   = 100
Solution validates
Rate (MFlops/s), including communication and increment time: 271576.139436 
Total time [s] (max of all ranks):     total 3.754604, avg 0.037546
Comm time [s] (max of all ranks):      total 0.044657, avg 0.000447
Stencil time [s] (max of all ranks):   total 2.280585, avg 0.022806
Increment time [s] (max of all ranks): total 1.443393, avg 0.014434
