>>> module list
No modules loaded
>>> srun log
Parallel Research Kernels version 2.17
MPI+OPENMP stencil execution on 2D grid
Number of ranks        = 8
Number of threads      = 72
Grid size              = 46340
Radius of stencil      = 2
Tiles in x/y-direction = 2/4
Type of stencil        = star
Data type              = double precision
Compact representation of stencil loop body
Number of iterations   = 100
Solution validates
Rate (MFlops/s), including communication and increment time: 539682.646909 
Total time [s] (max of all ranks):     total 7.558789, avg 0.075588
Comm time [s] (max of all ranks):      total 3.046993, avg 0.030470
Stencil time [s] (max of all ranks):   total 3.498053, avg 0.034981
Increment time [s] (max of all ranks): total 2.833830, avg 0.028338
