>>> module list
No modules loaded
>>> srun log
Parallel Research Kernels version 2.17
MPI+OPENMP stencil execution on 2D grid
Number of ranks        = 16
Number of threads      = 72
Grid size              = 65536
Radius of stencil      = 2
Tiles in x/y-direction = 4/4
Type of stencil        = star
Data type              = double precision
Compact representation of stencil loop body
Number of iterations   = 100
Solution validates
Rate (MFlops/s), including communication and increment time: 1532261.417822 
Total time [s] (max of all ranks):     total 5.325098, avg 0.053251
Comm time [s] (max of all ranks):      total 1.509024, avg 0.015090
Stencil time [s] (max of all ranks):   total 2.696197, avg 0.026962
Increment time [s] (max of all ranks): total 1.837061, avg 0.018371
