>>> module list
No modules loaded
>>> srun log
Parallel Research Kernels version 2.17
MPI+OPENMP stencil execution on 2D grid
Number of ranks        = 4
Number of threads      = 72
Grid size              = 32768
Radius of stencil      = 2
Tiles in x/y-direction = 2/2
Type of stencil        = star
Data type              = double precision
Compact representation of stencil loop body
Number of iterations   = 100
Solution validates
Rate (MFlops/s), including communication and increment time: 398305.834265 
Total time [s] (max of all ranks):     total 5.120717, avg 0.051207
Comm time [s] (max of all ranks):      total 1.149782, avg 0.011498
Stencil time [s] (max of all ranks):   total 2.635156, avg 0.026352
Increment time [s] (max of all ranks): total 1.852191, avg 0.018522
