>>> module list
No modules loaded
>>> srun log
Parallel Research Kernels version 2.17
MPI+OPENMP stencil execution on 2D grid
Number of ranks        = 1
Number of threads      = 72
Grid size              = 2048
Radius of stencil      = 2
Tiles in x/y-direction = 1/1
Type of stencil        = star
Data type              = double precision
Compact representation of stencil loop body
Number of iterations   = 100
Solution validates
Rate (MFlops/s), including communication and increment time: 356034.458564 
Total time [s] (max of all ranks):     total 0.022296, avg 0.000223
Comm time [s] (max of all ranks):      total 0.000003, avg 0.000000
Stencil time [s] (max of all ranks):   total 0.015789, avg 0.000158
Increment time [s] (max of all ranks): total 0.006482, avg 0.000065
