>>> module list
No modules loaded
>>> srun log
Parallel Research Kernels version 2.17
MPI+OPENMP stencil execution on 2D grid
Number of ranks        = 32
Number of threads      = 72
Grid size              = 185363
Radius of stencil      = 2
Tiles in x/y-direction = 4/8
Type of stencil        = star
Data type              = double precision
Compact representation of stencil loop body
Number of iterations   = 100
Solution validates
Rate (MFlops/s), including communication and increment time: 1771684.747802 
Total time [s] (max of all ranks):     total 36.846353, avg 0.368464
Comm time [s] (max of all ranks):      total 14.758087, avg 0.147581
Stencil time [s] (max of all ranks):   total 18.553687, avg 0.185537
Increment time [s] (max of all ranks): total 11.322838, avg 0.113228
