>>> module list
No modules loaded
>>> srun log
Parallel Research Kernels version 2.17
MPI+OPENMP stencil execution on 2D grid
Number of ranks        = 16
Number of threads      = 72
Grid size              = 16384
Radius of stencil      = 2
Tiles in x/y-direction = 4/4
Type of stencil        = star
Data type              = double precision
Compact representation of stencil loop body
Number of iterations   = 100
Solution validates
Rate (MFlops/s), including communication and increment time: 1852788.948861 
Total time [s] (max of all ranks):     total 0.275141, avg 0.002751
Comm time [s] (max of all ranks):      total 0.118283, avg 0.001183
Stencil time [s] (max of all ranks):   total 0.178645, avg 0.001786
Increment time [s] (max of all ranks): total 0.073689, avg 0.000737
