>>> module list
No modules loaded
>>> srun log
Parallel Research Kernels version 2.17
MPI+OPENMP stencil execution on 2D grid
Number of ranks        = 32
Number of threads      = 72
Grid size              = 23170
Radius of stencil      = 2
Tiles in x/y-direction = 4/8
Type of stencil        = star
Data type              = double precision
Compact representation of stencil loop body
Number of iterations   = 100
Solution validates
Rate (MFlops/s), including communication and increment time: 3788133.712949 
Total time [s] (max of all ranks):     total 0.269172, avg 0.002692
Comm time [s] (max of all ranks):      total 0.097442, avg 0.000974
Stencil time [s] (max of all ranks):   total 0.153367, avg 0.001534
Increment time [s] (max of all ranks): total 0.065260, avg 0.000653
