>>> module list
No modules loaded
>>> srun log
Parallel Research Kernels version 2.17
MPI+OPENMP stencil execution on 2D grid
Number of ranks        = 2
Number of threads      = 72
Grid size              = 5792
Radius of stencil      = 2
Tiles in x/y-direction = 1/2
Type of stencil        = star
Data type              = double precision
Compact representation of stencil loop body
Number of iterations   = 100
Solution validates
Rate (MFlops/s), including communication and increment time: 363757.123485 
Total time [s] (max of all ranks):     total 0.174984, avg 0.001750
Comm time [s] (max of all ranks):      total 0.032573, avg 0.000326
Stencil time [s] (max of all ranks):   total 0.131721, avg 0.001317
Increment time [s] (max of all ranks): total 0.035049, avg 0.000350
