>>> module list
No modules loaded
>>> srun log
Parallel Research Kernels version 2.17
MPI+OPENMP stencil execution on 2D grid
Number of ranks        = 1
Number of threads      = 72
Grid size              = 32768
Radius of stencil      = 2
Tiles in x/y-direction = 1/1
Type of stencil        = star
Data type              = double precision
Compact representation of stencil loop body
Number of iterations   = 100
Solution validates
Rate (MFlops/s), including communication and increment time: 125348.837776 
Total time [s] (max of all ranks):     total 16.271483, avg 0.162715
Comm time [s] (max of all ranks):      total 0.000011, avg 0.000000
Stencil time [s] (max of all ranks):   total 10.148755, avg 0.101488
Increment time [s] (max of all ranks): total 6.122649, avg 0.061226
