>>> module list
No modules loaded
>>> srun log
Parallel Research Kernels version 2.17
MPI+OPENMP stencil execution on 2D grid
Number of ranks        = 16
Number of threads      = 72
Grid size              = 131072
Radius of stencil      = 2
Tiles in x/y-direction = 4/4
Type of stencil        = star
Data type              = double precision
Compact representation of stencil loop body
Number of iterations   = 100
Solution validates
Rate (MFlops/s), including communication and increment time: 1061392.390945 
Total time [s] (max of all ranks):     total 30.751831, avg 0.307518
Comm time [s] (max of all ranks):      total 11.141479, avg 0.111415
Stencil time [s] (max of all ranks):   total 14.408816, avg 0.144088
Increment time [s] (max of all ranks): total 11.427146, avg 0.114271
