>>> module list
No modules loaded
>>> srun log
Parallel Research Kernels version 2.17
MPI+OPENMP stencil execution on 2D grid
Number of ranks        = 16
Number of threads      = 72
Grid size              = 32768
Radius of stencil      = 2
Tiles in x/y-direction = 4/4
Type of stencil        = star
Data type              = double precision
Compact representation of stencil loop body
Number of iterations   = 100
Solution validates
Rate (MFlops/s), including communication and increment time: 1569711.450636 
Total time [s] (max of all ranks):     total 1.299354, avg 0.012994
Comm time [s] (max of all ranks):      total 0.390621, avg 0.003906
Stencil time [s] (max of all ranks):   total 0.763752, avg 0.007638
Increment time [s] (max of all ranks): total 0.443993, avg 0.004440
