>>> module list
No modules loaded
>>> srun log
Parallel Research Kernels version 2.17
MPI+OPENMP stencil execution on 2D grid
Number of ranks        = 1
Number of threads      = 72
Grid size              = 16384
Radius of stencil      = 2
Tiles in x/y-direction = 1/1
Type of stencil        = star
Data type              = double precision
Compact representation of stencil loop body
Number of iterations   = 100
Solution validates
Rate (MFlops/s), including communication and increment time: 137593.338386 
Total time [s] (max of all ranks):     total 3.704964, avg 0.037050
Comm time [s] (max of all ranks):      total 0.000028, avg 0.000000
Stencil time [s] (max of all ranks):   total 2.266741, avg 0.022667
Increment time [s] (max of all ranks): total 1.438048, avg 0.014380
