>>> printchplenv --all
machine info: Linux nid02719 5.3.18-24.46_6.0.29-cray_ari_c #1 SMP Mon Mar 14 09:11:41 UTC 2022 (6c38a31) x86_64
CHPL_HOME: /users/nvadot/chapel/chapel *
script location: /users/nvadot/chapel/chapel/util/chplenv
CHPL_HOST_PLATFORM: cray-xc
CHPL_HOST_COMPILER: gnu
  CHPL_HOST_CC: gcc
  CHPL_HOST_CXX: g++
CHPL_HOST_ARCH: x86_64
CHPL_TARGET_PLATFORM: cray-xc
CHPL_TARGET_COMPILER: llvm
  CHPL_TARGET_CC: /users/nvadot/chapel/chapel/third-party/llvm/install/cray-xc-x86_64/bin/clang
  CHPL_TARGET_CXX: /users/nvadot/chapel/chapel/third-party/llvm/install/cray-xc-x86_64/bin/clang++
  CHPL_TARGET_LD: /users/nvadot/chapel/chapel/third-party/llvm/install/cray-xc-x86_64/bin/clang++
CHPL_TARGET_ARCH: x86_64
CHPL_TARGET_CPU: haswell
CHPL_LOCALE_MODEL: flat
CHPL_COMM: ugni +
CHPL_TASKS: qthreads
CHPL_LAUNCHER: slurm-srun
CHPL_TIMERS: generic
CHPL_UNWIND: none
CHPL_HOST_MEM: jemalloc
CHPL_MEM: jemalloc
CHPL_ATOMICS: cstdlib
  CHPL_NETWORK_ATOMICS: ugni
CHPL_GMP: bundled
CHPL_HWLOC: bundled
CHPL_RE2: bundled
CHPL_LLVM: bundled +
  CHPL_LLVM_SUPPORT: bundled
  CHPL_LLVM_CONFIG: /users/nvadot/chapel/chapel/third-party/llvm/install/cray-xc-x86_64/bin/llvm-config
  CHPL_LLVM_VERSION: 17
CHPL_AUX_FILESYS: none
CHPL_LIB_PIC: none
CHPL_SANITIZE: none
CHPL_SANITIZE_EXE: none
>>> module list
Currently Loaded Modulefiles:
  1) modules/3.2.11.4
  2) craype-network-aries
  3) cce/12.0.3
  4) craype/2.7.10
  5) cray-libsci/20.09.1
  6) udreg/2.3.2-7.0.3.1_3.13__g5f0d670.ari
  7) ugni/6.0.14.0-7.0.3.1_6.2__g8101a58.ari
  8) pmi/5.0.17
  9) dmapp/7.1.1-7.0.3.1_3.17__g93a7e9f.ari
 10) gni-headers/5.0.12.0-7.0.3.1_3.7__gd0d73fe.ari
 11) xpmem/2.2.27-7.0.3.1_3.9__gada73ac.ari
 12) job/2.2.4-7.0.3.1_3.14__g36b56f4.ari
 13) dvs/2.12_2.2.224-7.0.3.1_3.12__gc77db2af
 14) alps/6.6.67-7.0.3.1_3.18__gb91cd181.ari
 15) rca/2.2.20-7.0.3.1_3.15__g8e3fb5b.ari
 16) atp/3.14.5
 17) perftools-base/21.09.0
 18) PrgEnv-cray/6.0.10
 19) cray-mpich/7.7.18
 20) slurm/20.11.8-4
 21) craype-haswell
 22) cray-python/3.9.4.1
 23) daint-gpu/21.09
 24) CMake/3.22.1
 25) craype-hugepages16M
 26) Base-opts/2.4.142-7.0.3.1_3.7__g8f27585.ari
>>> compilation info
Compilation command: chpl --fast -suseBlockDist -o stencil-blockdist stencil.chpl 
Chapel compiler version: 2.1.0 pre-release (3b243caef9)
Chapel environment:
  CHPL_HOME: /users/nvadot/chapel/chapel
  CHPL_ATOMICS: cstdlib
  CHPL_AUX_FILESYS: none
  CHPL_COMM: ugni
  CHPL_COMM_SUBSTRATE: none
  CHPL_COMPILER_SUBDIR: cray-xc/gnu/x86_64/hostmem-jemalloc/llvm-bundled/17/san-none
  CHPL_CUDA_LIBDEVICE_PATH: none
  CHPL_CUDA_PATH: 
  CHPL_GASNET_SEGMENT: none
  CHPL_GASNET_UNIQ_CFG_PATH: cray-xc-x86_64-haswell-llvm-none/substrate-none/seg-none
  CHPL_GASNET_VERSION: 1
  CHPL_GMP: bundled
  CHPL_GMP_IS_OVERRIDDEN: False
  CHPL_GMP_UNIQ_CFG_PATH: cray-xc-x86_64-haswell-llvm-none
  CHPL_GPU: none
  CHPL_GPU_ARCH: none
  CHPL_GPU_MEM_STRATEGY: array_on_device
  CHPL_HOST_ARCH: x86_64
  CHPL_HOST_BIN_SUBDIR: cray-xc-x86_64
  CHPL_HOST_BUNDLED_COMPILE_ARGS: 
  CHPL_HOST_BUNDLED_LINK_ARGS: 
  CHPL_HOST_CC: gcc
  CHPL_HOST_COMPILER: gnu
  CHPL_HOST_CPU: none
  CHPL_HOST_CXX: g++
  CHPL_HOST_JEMALLOC: bundled
  CHPL_HOST_JEMALLOC_UNIQ_CFG_PATH: host/cray-xc-x86_64-gnu
  CHPL_HOST_MEM: jemalloc
  CHPL_HOST_PLATFORM: cray-xc
  CHPL_HOST_SYSTEM_COMPILE_ARGS: 
  CHPL_HOST_SYSTEM_LINK_ARGS: 
  CHPL_HWLOC: bundled
  CHPL_HWLOC_UNIQ_CFG_PATH: cray-xc-x86_64-haswell-llvm-none-flat
  CHPL_LAUNCHER: slurm-srun
  CHPL_LAUNCHER_SUBDIR: cray-xc/gnu/x86_64/loc-flat/comm-ugni/tasks-qthreads/launch-slurm-srun/tmr-generic/unwind-none/mem-jemalloc/atomics-cstdlib/lib_pic-none/san-none
  CHPL_LIBFABRIC: none
  CHPL_LIBFABRIC_UNIQ_CFG_PATH: cray-xc-x86_64-haswell-llvm-none
  CHPL_LIBUNWIND_UNIQ_CFG_PATH: cray-xc-x86_64-haswell-llvm-none
  CHPL_LIB_PIC: none
  CHPL_LLVM: bundled
  CHPL_LLVM_CLANG_C: /users/nvadot/chapel/chapel/third-party/llvm/install/cray-xc-x86_64/bin/clang
  CHPL_LLVM_CLANG_CXX: /users/nvadot/chapel/chapel/third-party/llvm/install/cray-xc-x86_64/bin/clang++
  CHPL_LLVM_CONFIG: /users/nvadot/chapel/chapel/third-party/llvm/install/cray-xc-x86_64/bin/llvm-config
  CHPL_LLVM_STATIC_DYNAMIC: static
  CHPL_LLVM_SUPPORT: bundled
  CHPL_LLVM_TARGET_CPU: haswell
  CHPL_LLVM_UNIQ_CFG_PATH: cray-xc-x86_64
  CHPL_LLVM_VERSION: 17
  CHPL_LOCALE_MODEL: flat
  CHPL_MAKE: gmake
  CHPL_MEM: jemalloc
  CHPL_NETWORK_ATOMICS: ugni
  CHPL_PE_CHPL_PKGCONFIG_LIBS: cray-ugni:craype-hugetlbfs:cray-pmi:
  CHPL_QTHREAD_UNIQ_CFG_PATH: cray-xc-x86_64-haswell-llvm-none-flat-jemalloc-bundled
  CHPL_RE2: bundled
  CHPL_RE2_IS_OVERRIDDEN: False
  CHPL_RE2_UNIQ_CFG_PATH: cray-xc-x86_64-haswell-llvm-none
  CHPL_ROCM_PATH: 
  CHPL_RUNTIME_CPU: haswell
  CHPL_RUNTIME_INCL: /users/nvadot/chapel/chapel/runtime/include
  CHPL_RUNTIME_LIB: /users/nvadot/chapel/chapel/lib
  CHPL_RUNTIME_SUBDIR: cray-xc/llvm/x86_64/cpu-haswell/loc-flat/comm-ugni/tasks-qthreads/tmr-generic/unwind-none/mem-jemalloc/atomics-cstdlib/hwloc-bundled/re2-bundled/fs-none/lib_pic-none/san-none
  CHPL_SANITIZE: none
  CHPL_SANITIZE_EXE: none
  CHPL_SYS_MODULES_SUBDIR: cray-xc-x86_64-llvm
  CHPL_TARGET_ARCH: x86_64
  CHPL_TARGET_BACKEND_CPU: haswell
  CHPL_TARGET_BIN_SUBDIR: cray-xc-x86_64-haswell
  CHPL_TARGET_BUNDLED_COMPILE_ARGS: -I/users/nvadot/chapel/chapel/runtime/include/localeModels/flat -I/users/nvadot/chapel/chapel/runtime/include/localeModels -I/users/nvadot/chapel/chapel/runtime/include/comm/ugni -I/users/nvadot/chapel/chapel/runtime/include/comm -I/users/nvadot/chapel/chapel/runtime/include/tasks/qthreads -I/users/nvadot/chapel/chapel/runtime/include -I/users/nvadot/chapel/chapel/runtime/include/qio -I/users/nvadot/chapel/chapel/runtime/include/atomics/cstdlib -I/users/nvadot/chapel/chapel/runtime/include/mem/jemalloc -I/users/nvadot/chapel/chapel/third-party/utf8-decoder -DCHPL_JEMALLOC_PREFIX=chpl_je_ -I/users/nvadot/chapel/chapel/third-party/gmp/install/cray-xc-x86_64-haswell-llvm-none/include -I/users/nvadot/chapel/chapel/third-party/hwloc/install/cray-xc-x86_64-haswell-llvm-none-flat/include -I/users/nvadot/chapel/chapel/third-party/qthread/install/cray-xc-x86_64-haswell-llvm-none-flat-jemalloc-bundled/include -I/users/nvadot/chapel/chapel/third-party/jemalloc/install/target/cray-xc-x86_64-haswell-llvm-none/include -I/users/nvadot/chapel/chapel/third-party/re2/install/cray-xc-x86_64-haswell-llvm-none/include
  CHPL_TARGET_BUNDLED_LINK_ARGS: -L/users/nvadot/chapel/chapel/lib/cray-xc/llvm/x86_64/cpu-haswell/loc-flat/comm-ugni/tasks-qthreads/tmr-generic/unwind-none/mem-jemalloc/atomics-cstdlib/hwloc-bundled/re2-bundled/fs-none/lib_pic-none/san-none -lchpl -L/users/nvadot/chapel/chapel/third-party/gmp/install/cray-xc-x86_64-haswell-llvm-none/lib -lgmp -Wl,-rpath,/users/nvadot/chapel/chapel/third-party/gmp/install/cray-xc-x86_64-haswell-llvm-none/lib -L/users/nvadot/chapel/chapel/third-party/hwloc/install/cray-xc-x86_64-haswell-llvm-none-flat/lib -lhwloc -Wl,-rpath,/users/nvadot/chapel/chapel/third-party/hwloc/install/cray-xc-x86_64-haswell-llvm-none-flat/lib -L/users/nvadot/chapel/chapel/third-party/qthread/install/cray-xc-x86_64-haswell-llvm-none-flat-jemalloc-bundled/lib -Wl,-rpath,/users/nvadot/chapel/chapel/third-party/qthread/install/cray-xc-x86_64-haswell-llvm-none-flat-jemalloc-bundled/lib -lqthread -L/users/nvadot/chapel/chapel/third-party/hwloc/install/cray-xc-x86_64-haswell-llvm-none-flat/lib -L/users/nvadot/chapel/chapel/third-party/jemalloc/install/target/cray-xc-x86_64-haswell-llvm-none/lib -ljemalloc -L/users/nvadot/chapel/chapel/third-party/re2/install/cray-xc-x86_64-haswell-llvm-none/lib -lre2 -Wl,-rpath,/users/nvadot/chapel/chapel/third-party/re2/install/cray-xc-x86_64-haswell-llvm-none/lib
  CHPL_TARGET_CC: /users/nvadot/chapel/chapel/third-party/llvm/install/cray-xc-x86_64/bin/clang
  CHPL_TARGET_COMPILER: llvm
  CHPL_TARGET_COMPILER_PRGENV: cray-prgenv-cray
  CHPL_TARGET_CPU: haswell
  CHPL_TARGET_CPU_FLAG: arch
  CHPL_TARGET_CXX: /users/nvadot/chapel/chapel/third-party/llvm/install/cray-xc-x86_64/bin/clang++
  CHPL_TARGET_JEMALLOC: bundled
  CHPL_TARGET_JEMALLOC_UNIQ_CFG_PATH: target/cray-xc-x86_64-haswell-llvm-none
  CHPL_TARGET_LD: /users/nvadot/chapel/chapel/third-party/llvm/install/cray-xc-x86_64/bin/clang++
  CHPL_TARGET_MEM: jemalloc
  CHPL_TARGET_PLATFORM: cray-xc
  CHPL_TARGET_SYSTEM_COMPILE_ARGS: -I/opt/cray/pe/mpt/7.7.18/gni/mpich-crayclang/10.0/include -I/opt/cray/pe/libsci/20.09.1/CRAYCLANG/9.0/x86_64/include -I/opt/cray/rca/2.2.20-7.0.3.1_3.15__g8e3fb5b.ari/include -I/opt/cray/alps/6.6.67-7.0.3.1_3.18__gb91cd181.ari/include -I/opt/cray/xpmem/default/include -I/opt/cray/gni-headers/default/include -I/opt/cray/dmapp/default/include -I/opt/cray/pe/pmi/5.0.17/include -I/opt/cray/ugni/default/include -I/opt/cray/udreg/default/include -I/opt/cray/pe/atp/3.14.5/include -I/opt/cray/wlm_detect/1.3.3-7.0.3.1_3.6__g7109084.ari/include -I/opt/cray/krca/2.2.8-7.0.3.1_3.14__g59af36e.ari/include -I/opt/cray-hss-devel/9.0.0/include
  CHPL_TARGET_SYSTEM_LINK_ARGS: -lm -lpthread -lhugetlbfs -L/opt/cray/dmapp/default/lib64 -L/opt/cray/pe/mpt/7.7.18/gni/mpich-crayclang/10.0/lib -L/opt/cray/pe/libsci/20.09.1/CRAYCLANG/9.0/x86_64/lib -L/opt/cray/rca/2.2.20-7.0.3.1_3.15__g8e3fb5b.ari/lib64 -L/opt/cray/pe/pmi/5.0.17/lib64 -L/opt/cray/ugni/default/lib64 -L/opt/cray/pe/atp/3.14.5/lib -L/opt/cray/pe/cce/12.0.3/cce/x86_64/lib/pkgconfig/../ -lAtpSigHandler -Wl,-rpath,/opt/cray/pe/atp/3.14.5/lib -Wl,--undefined=__libAtpSigHandler_ctor -Wl,-Ttext-segment=0x20000000 -lrca -lugni -Wl,--whole-archive,-lhugetlbfs,--no-whole-archive -lpmi -Wl,--as-needed,-lmpich_crayclang,--no-as-needed -Wl,--as-needed,-lsci_cray_mpi,--no-as-needed -Wl,--as-needed,-lsci_cray,--no-as-needed -Wl,--as-needed,-lpgas-dmapp,--no-as-needed -lquadmath -lmodules -lfi -lcraymath -lf -lu -lcsup
  CHPL_TASKS: qthreads
  CHPL_THIRD_PARTY: /users/nvadot/chapel/chapel/third-party
  CHPL_TIMERS: generic
  CHPL_UNWIND: none
>>> srun log
Parallel Research Kernels Version 2.17
Serial stencil execution on 2D grid
Number of ranks      = 4
Number of threads    = 12
Grid size            = 8192
Radius of stencil    = 2
Type of stencil      = star
Data type            = real(64)
Untiled
Number of iterations = 100
Distribution         = Block
Solution validates
Rate (MFlops/s): 21298.554741  Avg time (s): 0.059808
total time =     total 5.9808, avg 0.059808
stencil time =   total 5.50608, avg 0.0550608
increment time = total 0.474639, avg 0.00474639
comm time =      total 2e-06, avg 2e-08


Batch Job Summary Report (version 21.01.1) for Job "chpl-stencil-blockdist-2" (53210554) on daint

Job information (1/2)
-----------------------------------------------------------------------------------------------------
             Submit            Eligible               Start                 End    Elapsed Time limit
------------------- ------------------- ------------------- ------------------- ---------- ----------
2024-05-02T13:06:39 2024-05-02T13:06:39 2024-05-02T13:08:57 2024-05-02T13:09:37   00:00:40   00:01:00
-----------------------------------------------------------------------------------------------------

Job information (2/2)
-------------------------------------------------------------
    Username      Account    Partition   NNodes        Energy
------------ ------------ ------------ -------- -------------
      nvadot        s1249       normal        4 not available kJ

