>>> module list
No modules loaded
>>> srun log
Parallel Research Kernels version 2.17
MPI+OPENMP stencil execution on 2D grid
Number of ranks        = 2
Number of threads      = 72
Grid size              = 46340
Radius of stencil      = 2
Tiles in x/y-direction = 1/2
Type of stencil        = star
Data type              = double precision
Compact representation of stencil loop body
Number of iterations   = 100
Solution validates
Rate (MFlops/s), including communication and increment time: 236103.457507 
Total time [s] (max of all ranks):     total 17.277796, avg 0.172778
Comm time [s] (max of all ranks):      total 0.606274, avg 0.006063
Stencil time [s] (max of all ranks):   total 10.993502, avg 0.109935
Increment time [s] (max of all ranks): total 6.130498, avg 0.061305
