>>> module list
No modules loaded
>>> srun log
Parallel Research Kernels version 2.17
MPI+OPENMP stencil execution on 2D grid
Number of ranks        = 2
Number of threads      = 72
Grid size              = 2896
Radius of stencil      = 2
Tiles in x/y-direction = 1/2
Type of stencil        = star
Data type              = double precision
Compact representation of stencil loop body
Number of iterations   = 100
Solution validates
Rate (MFlops/s), including communication and increment time: 502027.785386 
Total time [s] (max of all ranks):     total 0.031654, avg 0.000317
Comm time [s] (max of all ranks):      total 0.006318, avg 0.000063
Stencil time [s] (max of all ranks):   total 0.018932, avg 0.000189
Increment time [s] (max of all ranks): total 0.009914, avg 0.000099
