>>> module list
No modules loaded
>>> srun log
Parallel Research Kernels version 2.17
MPI+OPENMP stencil execution on 2D grid
Number of ranks        = 16
Number of threads      = 72
Grid size              = 8192
Radius of stencil      = 2
Tiles in x/y-direction = 4/4
Type of stencil        = star
Data type              = double precision
Compact representation of stencil loop body
Number of iterations   = 100
Solution validates
Rate (MFlops/s), including communication and increment time: 2301256.594151 
Total time [s] (max of all ranks):     total 0.055353, avg 0.000554
Comm time [s] (max of all ranks):      total 0.034397, avg 0.000344
Stencil time [s] (max of all ranks):   total 0.023402, avg 0.000234
Increment time [s] (max of all ranks): total 0.018545, avg 0.000185
