>>> module list
No modules loaded
>>> srun log
Parallel Research Kernels version 2.17
MPI+OPENMP stencil execution on 2D grid
Number of ranks        = 4
Number of threads      = 72
Grid size              = 4096
Radius of stencil      = 2
Tiles in x/y-direction = 2/2
Type of stencil        = star
Data type              = double precision
Compact representation of stencil loop body
Number of iterations   = 100
Solution validates
Rate (MFlops/s), including communication and increment time: 1008841.160093 
Total time [s] (max of all ranks):     total 0.031536, avg 0.000315
Comm time [s] (max of all ranks):      total 0.010464, avg 0.000105
Stencil time [s] (max of all ranks):   total 0.015941, avg 0.000159
Increment time [s] (max of all ranks): total 0.010078, avg 0.000101
