>>> module list
No modules loaded
>>> srun log
Parallel Research Kernels version 2.17
MPI+OPENMP stencil execution on 2D grid
Number of ranks        = 8
Number of threads      = 72
Grid size              = 5792
Radius of stencil      = 2
Tiles in x/y-direction = 2/4
Type of stencil        = star
Data type              = double precision
Compact representation of stencil loop body
Number of iterations   = 100
Solution validates
Rate (MFlops/s), including communication and increment time: 1844716.289602 
Total time [s] (max of all ranks):     total 0.034505, avg 0.000345
Comm time [s] (max of all ranks):      total 0.013672, avg 0.000137
Stencil time [s] (max of all ranks):   total 0.017321, avg 0.000173
Increment time [s] (max of all ranks): total 0.009012, avg 0.000090
