>>> module list
No modules loaded
>>> srun log
Parallel Research Kernels version 2.17
MPI+OPENMP stencil execution on 2D grid
Number of ranks        = 16
Number of threads      = 72
Grid size              = 32768
Radius of stencil      = 2
Tiles in x/y-direction = 4/4
Type of stencil        = star
Data type              = double precision
Compact representation of stencil loop body
Number of iterations   = 100
Solution validates
Rate (MFlops/s), including communication and increment time: 2085102.723372 
Total time [s] (max of all ranks):     total 0.978183, avg 0.009782
Comm time [s] (max of all ranks):      total 0.076573, avg 0.000766
Stencil time [s] (max of all ranks):   total 0.622822, avg 0.006228
Increment time [s] (max of all ranks): total 0.322113, avg 0.003221
