>>> module list
No modules loaded
>>> srun log
Parallel Research Kernels version 2.17
MPI+OPENMP stencil execution on 2D grid
Number of ranks        = 4
Number of threads      = 72
Grid size              = 16384
Radius of stencil      = 2
Tiles in x/y-direction = 2/2
Type of stencil        = star
Data type              = double precision
Compact representation of stencil loop body
Number of iterations   = 100
Solution validates
Rate (MFlops/s), including communication and increment time: 526793.863402 
Total time [s] (max of all ranks):     total 0.967700, avg 0.009677
Comm time [s] (max of all ranks):      total 0.058590, avg 0.000586
Stencil time [s] (max of all ranks):   total 0.614037, avg 0.006140
Increment time [s] (max of all ranks): total 0.328848, avg 0.003288
