>>> module list
No modules loaded
>>> srun log
Parallel Research Kernels version 2.17
MPI+OPENMP stencil execution on 2D grid
Number of ranks        = 32
Number of threads      = 72
Grid size              = 46340
Radius of stencil      = 2
Tiles in x/y-direction = 4/8
Type of stencil        = star
Data type              = double precision
Compact representation of stencil loop body
Number of iterations   = 100
Solution validates
Rate (MFlops/s), including communication and increment time: 3043237.335972 
Total time [s] (max of all ranks):     total 1.340463, avg 0.013405
Comm time [s] (max of all ranks):      total 0.436225, avg 0.004362
Stencil time [s] (max of all ranks):   total 0.805257, avg 0.008053
Increment time [s] (max of all ranks): total 0.422972, avg 0.004230
