>>> module list
No modules loaded
>>> srun log
Parallel Research Kernels version 2.17
MPI+OPENMP stencil execution on 2D grid
Number of ranks        = 1
Number of threads      = 72
Grid size              = 8192
Radius of stencil      = 2
Tiles in x/y-direction = 1/1
Type of stencil        = star
Data type              = double precision
Compact representation of stencil loop body
Number of iterations   = 100
Solution validates
Rate (MFlops/s), including communication and increment time: 140346.564949 
Total time [s] (max of all ranks):     total 0.907627, avg 0.009076
Comm time [s] (max of all ranks):      total 0.000009, avg 0.000000
Stencil time [s] (max of all ranks):   total 0.589904, avg 0.005899
Increment time [s] (max of all ranks): total 0.317662, avg 0.003177
