>>> module list
No modules loaded
>>> srun log
Parallel Research Kernels version 2.17
MPI+OPENMP stencil execution on 2D grid
Number of ranks        = 4
Number of threads      = 72
Grid size              = 8192
Radius of stencil      = 2
Tiles in x/y-direction = 2/2
Type of stencil        = star
Data type              = double precision
Compact representation of stencil loop body
Number of iterations   = 100
Solution validates
Rate (MFlops/s), including communication and increment time: 704039.018888 
Total time [s] (max of all ranks):     total 0.180931, avg 0.001809
Comm time [s] (max of all ranks):      total 0.020850, avg 0.000209
Stencil time [s] (max of all ranks):   total 0.133889, avg 0.001339
Increment time [s] (max of all ranks): total 0.033370, avg 0.000334
