>>> module list
No modules loaded
>>> srun log
Parallel Research Kernels version 2.17
MPI+OPENMP stencil execution on 2D grid
Number of ranks        = 8
Number of threads      = 72
Grid size              = 23170
Radius of stencil      = 2
Tiles in x/y-direction = 2/4
Type of stencil        = star
Data type              = double precision
Compact representation of stencil loop body
Number of iterations   = 100
Solution validates
Rate (MFlops/s), including communication and increment time: 1047876.332371 
Total time [s] (max of all ranks):     total 0.973074, avg 0.009731
Comm time [s] (max of all ranks):      total 0.065742, avg 0.000657
Stencil time [s] (max of all ranks):   total 0.606612, avg 0.006066
Increment time [s] (max of all ranks): total 0.321461, avg 0.003215
